<?xml version="1.0" encoding="UTF-8"?>
<testsuite xmlns:xsi="http://www.w3.org/2001/XMLSchema-instance" xsi:noNamespaceSchemaLocation="https://maven.apache.org/surefire/maven-surefire-plugin/xsd/surefire-test-report.xsd" name="com.vaibhav.ranking_cat_pagerank.AppTest" time="0.014" tests="1" errors="0" skipped="0" failures="0">
  <properties>
    <property name="java.specification.version" value="16"/>
    <property name="sun.jnu.encoding" value="UTF-8"/>
    <property name="java.class.path" value="/Users/vaibhav/paper-ranking-workspace/ranking_cat_pagerank/target/test-classes:/Users/vaibhav/paper-ranking-workspace/ranking_cat_pagerank/target/classes:/Users/vaibhav/.m2/repository/junit/junit/4.11/junit-4.11.jar:/Users/vaibhav/.m2/repository/org/hamcrest/hamcrest-core/1.3/hamcrest-core-1.3.jar:/Users/vaibhav/.m2/repository/net/sf/jung/jung-graph-impl/2.0.1/jung-graph-impl-2.0.1.jar:/Users/vaibhav/.m2/repository/net/sf/jung/jung-api/2.0.1/jung-api-2.0.1.jar:/Users/vaibhav/.m2/repository/net/sourceforge/collections/collections-generic/4.01/collections-generic-4.01.jar:/Users/vaibhav/.m2/repository/net/sf/jung/jung-algorithms/2.0.1/jung-algorithms-2.0.1.jar:/Users/vaibhav/.m2/repository/colt/colt/1.2.0/colt-1.2.0.jar:/Users/vaibhav/.m2/repository/concurrent/concurrent/1.3.4/concurrent-1.3.4.jar:/Users/vaibhav/.m2/repository/net/sf/jung/jung-visualization/2.0.1/jung-visualization-2.0.1.jar:/Users/vaibhav/.m2/repository/com/hp/hpl/jena/jena/2.6.4/jena-2.6.4.jar:/Users/vaibhav/.m2/repository/com/hp/hpl/jena/iri/0.8/iri-0.8.jar:/Users/vaibhav/.m2/repository/com/ibm/icu/icu4j/3.4.4/icu4j-3.4.4.jar:/Users/vaibhav/.m2/repository/xerces/xercesImpl/2.7.1/xercesImpl-2.7.1.jar:/Users/vaibhav/.m2/repository/org/slf4j/slf4j-api/1.5.8/slf4j-api-1.5.8.jar:/Users/vaibhav/.m2/repository/org/slf4j/slf4j-log4j12/1.5.8/slf4j-log4j12-1.5.8.jar:/Users/vaibhav/.m2/repository/log4j/log4j/1.2.13/log4j-1.2.13.jar:/Users/vaibhav/paper-ranking-workspace/ranking_cat_pagerank/lib/jung-hypergraph/jung-hypergraph-visualization/1.0/jung-hypergraph-visualization-1.0.jar:/Users/vaibhav/.m2/repository/javax/javaee-web-api/6.0/javaee-web-api-6.0.jar:/Users/vaibhav/.m2/repository/org/apache/jena/jena-tdb/3.1.1/jena-tdb-3.1.1.jar:/Users/vaibhav/.m2/repository/org/apache/jena/jena-arq/3.1.1/jena-arq-3.1.1.jar:/Users/vaibhav/.m2/repository/org/apache/jena/jena-core/3.1.1/jena-core-3.1.1.jar:/Users/vaibhav/.m2/repository/org/apache/jena/jena-iri/3.1.1/jena-iri-3.1.1.jar:/Users/vaibhav/.m2/repository/commons-cli/commons-cli/1.3/commons-cli-1.3.jar:/Users/vaibhav/.m2/repository/org/apache/jena/jena-base/3.1.1/jena-base-3.1.1.jar:/Users/vaibhav/.m2/repository/com/github/andrewoma/dexx/collection/0.6/collection-0.6.jar:/Users/vaibhav/.m2/repository/org/apache/jena/jena-shaded-guava/3.1.1/jena-shaded-guava-3.1.1.jar:/Users/vaibhav/.m2/repository/org/apache/httpcomponents/httpclient/4.5.2/httpclient-4.5.2.jar:/Users/vaibhav/.m2/repository/org/apache/httpcomponents/httpcore/4.4.4/httpcore-4.4.4.jar:/Users/vaibhav/.m2/repository/commons-codec/commons-codec/1.9/commons-codec-1.9.jar:/Users/vaibhav/.m2/repository/com/github/jsonld-java/jsonld-java/0.8.3/jsonld-java-0.8.3.jar:/Users/vaibhav/.m2/repository/com/fasterxml/jackson/core/jackson-core/2.7.4/jackson-core-2.7.4.jar:/Users/vaibhav/.m2/repository/com/fasterxml/jackson/core/jackson-databind/2.7.4/jackson-databind-2.7.4.jar:/Users/vaibhav/.m2/repository/com/fasterxml/jackson/core/jackson-annotations/2.7.0/jackson-annotations-2.7.0.jar:/Users/vaibhav/.m2/repository/commons-io/commons-io/2.5/commons-io-2.5.jar:/Users/vaibhav/.m2/repository/org/apache/httpcomponents/httpclient-cache/4.5.2/httpclient-cache-4.5.2.jar:/Users/vaibhav/.m2/repository/org/apache/thrift/libthrift/0.9.3/libthrift-0.9.3.jar:/Users/vaibhav/.m2/repository/org/slf4j/jcl-over-slf4j/1.7.21/jcl-over-slf4j-1.7.21.jar:/Users/vaibhav/.m2/repository/org/apache/commons/commons-csv/1.3/commons-csv-1.3.jar:/Users/vaibhav/.m2/repository/org/apache/commons/commons-lang3/3.4/commons-lang3-3.4.jar:/Users/vaibhav/paper-ranking-workspace/ranking_cat_pagerank/lib/de/l3s/virtjdbc4/1.0/virtjdbc4-1.0.jar:/Users/vaibhav/paper-ranking-workspace/ranking_cat_pagerank/lib/de/l3s/virt_jena3/1.0/virt_jena3-1.0.jar:"/>
    <property name="java.vm.vendor" value="Oracle Corporation"/>
    <property name="sun.arch.data.model" value="64"/>
    <property name="java.vendor.url" value="https://openjdk.java.net/"/>
    <property name="os.name" value="Mac OS X"/>
    <property name="java.vm.specification.version" value="16"/>
    <property name="sun.java.launcher" value="SUN_STANDARD"/>
    <property name="user.country" value="DE"/>
    <property name="sun.boot.library.path" value="/opt/homebrew/Cellar/openjdk/15.0.1/libexec/openjdk.jdk/Contents/Home/lib"/>
    <property name="sun.java.command" value="/Users/vaibhav/paper-ranking-workspace/ranking_cat_pagerank/target/surefire/surefirebooter15767846586152628881.jar /Users/vaibhav/paper-ranking-workspace/ranking_cat_pagerank/target/surefire 2021-02-25T14-44-23_721-jvmRun1 surefire4070704129347556836tmp surefire_09601600550975820340tmp"/>
    <property name="http.nonProxyHosts" value="local|*.local|169.254/16|*.169.254/16"/>
    <property name="jdk.debug" value="release"/>
    <property name="surefire.test.class.path" value="/Users/vaibhav/paper-ranking-workspace/ranking_cat_pagerank/target/test-classes:/Users/vaibhav/paper-ranking-workspace/ranking_cat_pagerank/target/classes:/Users/vaibhav/.m2/repository/junit/junit/4.11/junit-4.11.jar:/Users/vaibhav/.m2/repository/org/hamcrest/hamcrest-core/1.3/hamcrest-core-1.3.jar:/Users/vaibhav/.m2/repository/net/sf/jung/jung-graph-impl/2.0.1/jung-graph-impl-2.0.1.jar:/Users/vaibhav/.m2/repository/net/sf/jung/jung-api/2.0.1/jung-api-2.0.1.jar:/Users/vaibhav/.m2/repository/net/sourceforge/collections/collections-generic/4.01/collections-generic-4.01.jar:/Users/vaibhav/.m2/repository/net/sf/jung/jung-algorithms/2.0.1/jung-algorithms-2.0.1.jar:/Users/vaibhav/.m2/repository/colt/colt/1.2.0/colt-1.2.0.jar:/Users/vaibhav/.m2/repository/concurrent/concurrent/1.3.4/concurrent-1.3.4.jar:/Users/vaibhav/.m2/repository/net/sf/jung/jung-visualization/2.0.1/jung-visualization-2.0.1.jar:/Users/vaibhav/.m2/repository/com/hp/hpl/jena/jena/2.6.4/jena-2.6.4.jar:/Users/vaibhav/.m2/repository/com/hp/hpl/jena/iri/0.8/iri-0.8.jar:/Users/vaibhav/.m2/repository/com/ibm/icu/icu4j/3.4.4/icu4j-3.4.4.jar:/Users/vaibhav/.m2/repository/xerces/xercesImpl/2.7.1/xercesImpl-2.7.1.jar:/Users/vaibhav/.m2/repository/org/slf4j/slf4j-api/1.5.8/slf4j-api-1.5.8.jar:/Users/vaibhav/.m2/repository/org/slf4j/slf4j-log4j12/1.5.8/slf4j-log4j12-1.5.8.jar:/Users/vaibhav/.m2/repository/log4j/log4j/1.2.13/log4j-1.2.13.jar:/Users/vaibhav/paper-ranking-workspace/ranking_cat_pagerank/lib/jung-hypergraph/jung-hypergraph-visualization/1.0/jung-hypergraph-visualization-1.0.jar:/Users/vaibhav/.m2/repository/javax/javaee-web-api/6.0/javaee-web-api-6.0.jar:/Users/vaibhav/.m2/repository/org/apache/jena/jena-tdb/3.1.1/jena-tdb-3.1.1.jar:/Users/vaibhav/.m2/repository/org/apache/jena/jena-arq/3.1.1/jena-arq-3.1.1.jar:/Users/vaibhav/.m2/repository/org/apache/jena/jena-core/3.1.1/jena-core-3.1.1.jar:/Users/vaibhav/.m2/repository/org/apache/jena/jena-iri/3.1.1/jena-iri-3.1.1.jar:/Users/vaibhav/.m2/repository/commons-cli/commons-cli/1.3/commons-cli-1.3.jar:/Users/vaibhav/.m2/repository/org/apache/jena/jena-base/3.1.1/jena-base-3.1.1.jar:/Users/vaibhav/.m2/repository/com/github/andrewoma/dexx/collection/0.6/collection-0.6.jar:/Users/vaibhav/.m2/repository/org/apache/jena/jena-shaded-guava/3.1.1/jena-shaded-guava-3.1.1.jar:/Users/vaibhav/.m2/repository/org/apache/httpcomponents/httpclient/4.5.2/httpclient-4.5.2.jar:/Users/vaibhav/.m2/repository/org/apache/httpcomponents/httpcore/4.4.4/httpcore-4.4.4.jar:/Users/vaibhav/.m2/repository/commons-codec/commons-codec/1.9/commons-codec-1.9.jar:/Users/vaibhav/.m2/repository/com/github/jsonld-java/jsonld-java/0.8.3/jsonld-java-0.8.3.jar:/Users/vaibhav/.m2/repository/com/fasterxml/jackson/core/jackson-core/2.7.4/jackson-core-2.7.4.jar:/Users/vaibhav/.m2/repository/com/fasterxml/jackson/core/jackson-databind/2.7.4/jackson-databind-2.7.4.jar:/Users/vaibhav/.m2/repository/com/fasterxml/jackson/core/jackson-annotations/2.7.0/jackson-annotations-2.7.0.jar:/Users/vaibhav/.m2/repository/commons-io/commons-io/2.5/commons-io-2.5.jar:/Users/vaibhav/.m2/repository/org/apache/httpcomponents/httpclient-cache/4.5.2/httpclient-cache-4.5.2.jar:/Users/vaibhav/.m2/repository/org/apache/thrift/libthrift/0.9.3/libthrift-0.9.3.jar:/Users/vaibhav/.m2/repository/org/slf4j/jcl-over-slf4j/1.7.21/jcl-over-slf4j-1.7.21.jar:/Users/vaibhav/.m2/repository/org/apache/commons/commons-csv/1.3/commons-csv-1.3.jar:/Users/vaibhav/.m2/repository/org/apache/commons/commons-lang3/3.4/commons-lang3-3.4.jar:/Users/vaibhav/paper-ranking-workspace/ranking_cat_pagerank/lib/de/l3s/virtjdbc4/1.0/virtjdbc4-1.0.jar:/Users/vaibhav/paper-ranking-workspace/ranking_cat_pagerank/lib/de/l3s/virt_jena3/1.0/virt_jena3-1.0.jar:"/>
    <property name="sun.cpu.endian" value="little"/>
    <property name="user.home" value="/Users/vaibhav"/>
    <property name="user.language" value="en"/>
    <property name="java.specification.vendor" value="Oracle Corporation"/>
    <property name="java.version.date" value="2021-03-16"/>
    <property name="java.home" value="/opt/homebrew/Cellar/openjdk/15.0.1/libexec/openjdk.jdk/Contents/Home"/>
    <property name="file.separator" value="/"/>
    <property name="basedir" value="/Users/vaibhav/paper-ranking-workspace/ranking_cat_pagerank"/>
    <property name="java.vm.compressedOopsMode" value="Zero based"/>
    <property name="line.separator" value="&#10;"/>
    <property name="java.specification.name" value="Java Platform API Specification"/>
    <property name="java.vm.specification.vendor" value="Oracle Corporation"/>
    <property name="surefire.real.class.path" value="/Users/vaibhav/paper-ranking-workspace/ranking_cat_pagerank/target/surefire/surefirebooter15767846586152628881.jar"/>
    <property name="sun.management.compiler" value="HotSpot 64-Bit Tiered Compilers"/>
    <property name="ftp.nonProxyHosts" value="local|*.local|169.254/16|*.169.254/16"/>
    <property name="java.runtime.version" value="16+14"/>
    <property name="user.name" value="vaibhav"/>
    <property name="path.separator" value=":"/>
    <property name="os.version" value="11.2.1"/>
    <property name="java.runtime.name" value="OpenJDK Runtime Environment"/>
    <property name="file.encoding" value="UTF-8"/>
    <property name="java.vm.name" value="OpenJDK 64-Bit Server VM"/>
    <property name="localRepository" value="/Users/vaibhav/.m2/repository"/>
    <property name="java.vendor.url.bug" value="https://bugreport.java.com/bugreport/"/>
    <property name="java.io.tmpdir" value="/var/folders/5t/v0_crgp15nj80w36llw9x5l00000gn/T/"/>
    <property name="java.version" value="16"/>
    <property name="user.dir" value="/Users/vaibhav/paper-ranking-workspace/ranking_cat_pagerank"/>
    <property name="os.arch" value="aarch64"/>
    <property name="java.vm.specification.name" value="Java Virtual Machine Specification"/>
    <property name="java.library.path" value="/Users/vaibhav/Library/Java/Extensions:/Library/Java/Extensions:/Network/Library/Java/Extensions:/System/Library/Java/Extensions:/usr/lib/java:."/>
    <property name="java.vm.info" value="mixed mode"/>
    <property name="java.vendor" value="N/A"/>
    <property name="java.vm.version" value="16+14"/>
    <property name="sun.io.unicode.encoding" value="UnicodeBig"/>
    <property name="socksNonProxyHosts" value="local|*.local|169.254/16|*.169.254/16"/>
    <property name="java.class.version" value="60.0"/>
  </properties>
  <testcase name="shouldAnswerWithTrue" classname="com.vaibhav.ranking_cat_pagerank.AppTest" time="0"/>
</testsuite>